Dodano zwierzę na pozycji: (2,2)
 y\x  0 1 2 3 4 5 6 7 8 9101112
 11: ---------------------------
 10: | | | |Optional[*]| | | | | | | | | |
  9: | | | | | | | |Optional[*]| | | | | |
  8: | | | | | | |Optional[*]|Optional[*]| | | | | |
  7: | | | | | | | | |Optional[*]| | | |Optional[*]|
  6: |Optional[*]| | | | | | | | | | | | |
  5: | |Optional[*]| | |Optional[*]| | | | | |Optional[*]| | |
  4: | |Optional[*]| | | | | | | | | | | |
  3: | | | |Optional[*]| | | | | | | | | |
  2: |Optional[*]| |Optional[^]| | | |Optional[*]| | | | | | |
  1: | | | | |Optional[*]| | | |Optional[*]| | | | |
  0: ---------------------------

Dodano zwierzę na pozycji: (3,4)
 y\x  0 1 2 3 4 5 6 7 8 9101112
 11: ---------------------------
 10: | | | |Optional[*]| | | | | | | | | |
  9: | | | | | | | |Optional[*]| | | | | |
  8: | | | | | | |Optional[*]|Optional[*]| | | | | |
  7: | | | | | | | | |Optional[*]| | | |Optional[*]|
  6: |Optional[*]| | | | | | | | | | | | |
  5: | |Optional[*]| | |Optional[*]| | | | | |Optional[*]| | |
  4: | |Optional[*]| |Optional[^]| | | | | | | | | |
  3: | | | |Optional[*]| | | | | | | | | |
  2: |Optional[*]| |Optional[^]| | | |Optional[*]| | | | | | |
  1: | | | | |Optional[*]| | | |Optional[*]| | | | |
  0: ---------------------------

Poruszono zwierzę z pozycji (2,2) na pozycję (2,3) 
 y\x  0 1 2 3 4 5 6 7 8 9101112
 11: ---------------------------
 10: | | | |Optional[*]| | | | | | | | | |
  9: | | | | | | | |Optional[*]| | | | | |
  8: | | | | | | |Optional[*]|Optional[*]| | | | | |
  7: | | | | | | | | |Optional[*]| | | |Optional[*]|
  6: |Optional[*]| | | | | | | | | | | | |
  5: | |Optional[*]| | |Optional[*]| | | | | |Optional[*]| | |
  4: | |Optional[*]| |Optional[^]| | | | | | | | | |
  3: | | |Optional[^]|Optional[*]| | | | | | | | | |
  2: |Optional[*]| | | | | |Optional[*]| | | | | | |
  1: | | | | |Optional[*]| | | |Optional[*]| | | | |
  0: ---------------------------

Poruszono zwierzę z pozycji (3,4) na pozycję (3,3) 
 y\x  0 1 2 3 4 5 6 7 8 9101112
 11: ---------------------------
 10: | | | |Optional[*]| | | | | | | | | |
  9: | | | | | | | |Optional[*]| | | | | |
  8: | | | | | | |Optional[*]|Optional[*]| | | | | |
  7: | | | | | | | | |Optional[*]| | | |Optional[*]|
  6: |Optional[*]| | | | | | | | | | | | |
  5: | |Optional[*]| | |Optional[*]| | | | | |Optional[*]| | |
  4: | |Optional[*]| | | | | | | | | | | |
  3: | | |Optional[^]|Optional[^]| | | | | | | | | |
  2: |Optional[*]| | | | | |Optional[*]| | | | | | |
  1: | | | | |Optional[*]| | | |Optional[*]| | | | |
  0: ---------------------------

Zwierzę na pozycji (2,3) obróciło się w stronę Wschód
 y\x  0 1 2 3 4 5 6 7 8 9101112
 11: ---------------------------
 10: | | | |Optional[*]| | | | | | | | | |
  9: | | | | | | | |Optional[*]| | | | | |
  8: | | | | | | |Optional[*]|Optional[*]| | | | | |
  7: | | | | | | | | |Optional[*]| | | |Optional[*]|
  6: |Optional[*]| | | | | | | | | | | | |
  5: | |Optional[*]| | |Optional[*]| | | | | |Optional[*]| | |
  4: | |Optional[*]| | | | | | | | | | | |
  3: | | |Optional[>]|Optional[^]| | | | | | | | | |
  2: |Optional[*]| | | | | |Optional[*]| | | | | | |
  1: | | | | |Optional[*]| | | |Optional[*]| | | | |
  0: ---------------------------

Zwierzę na pozycji (3,3) obróciło się w stronę Zachód
 y\x  0 1 2 3 4 5 6 7 8 9101112
 11: ---------------------------
 10: | | | |Optional[*]| | | | | | | | | |
  9: | | | | | | | |Optional[*]| | | | | |
  8: | | | | | | |Optional[*]|Optional[*]| | | | | |
  7: | | | | | | | | |Optional[*]| | | |Optional[*]|
  6: |Optional[*]| | | | | | | | | | | | |
  5: | |Optional[*]| | |Optional[*]| | | | | |Optional[*]| | |
  4: | |Optional[*]| | | | | | | | | | | |
  3: | | |Optional[>]|Optional[<]| | | | | | | | | |
  2: |Optional[*]| | | | | |Optional[*]| | | | | | |
  1: | | | | |Optional[*]| | | |Optional[*]| | | | |
  0: ---------------------------

Zwierzę na pozycji (2,3) jest zablokowane
 y\x  0 1 2 3 4 5 6 7 8 9101112
 11: ---------------------------
 10: | | | |Optional[*]| | | | | | | | | |
  9: | | | | | | | |Optional[*]| | | | | |
  8: | | | | | | |Optional[*]|Optional[*]| | | | | |
  7: | | | | | | | | |Optional[*]| | | |Optional[*]|
  6: |Optional[*]| | | | | | | | | | | | |
  5: | |Optional[*]| | |Optional[*]| | | | | |Optional[*]| | |
  4: | |Optional[*]| | | | | | | | | | | |
  3: | | |Optional[>]|Optional[<]| | | | | | | | | |
  2: |Optional[*]| | | | | |Optional[*]| | | | | | |
  1: | | | | |Optional[*]| | | |Optional[*]| | | | |
  0: ---------------------------

Zwierzę na pozycji (3,3) jest zablokowane
 y\x  0 1 2 3 4 5 6 7 8 9101112
 11: ---------------------------
 10: | | | |Optional[*]| | | | | | | | | |
  9: | | | | | | | |Optional[*]| | | | | |
  8: | | | | | | |Optional[*]|Optional[*]| | | | | |
  7: | | | | | | | | |Optional[*]| | | |Optional[*]|
  6: |Optional[*]| | | | | | | | | | | | |
  5: | |Optional[*]| | |Optional[*]| | | | | |Optional[*]| | |
  4: | |Optional[*]| | | | | | | | | | | |
  3: | | |Optional[>]|Optional[<]| | | | | | | | | |
  2: |Optional[*]| | | | | |Optional[*]| | | | | | |
  1: | | | | |Optional[*]| | | |Optional[*]| | | | |
  0: ---------------------------

Zwierzę na pozycji (2,3) obróciło się w stronę Południe
 y\x  0 1 2 3 4 5 6 7 8 9101112
 11: ---------------------------
 10: | | | |Optional[*]| | | | | | | | | |
  9: | | | | | | | |Optional[*]| | | | | |
  8: | | | | | | |Optional[*]|Optional[*]| | | | | |
  7: | | | | | | | | |Optional[*]| | | |Optional[*]|
  6: |Optional[*]| | | | | | | | | | | | |
  5: | |Optional[*]| | |Optional[*]| | | | | |Optional[*]| | |
  4: | |Optional[*]| | | | | | | | | | | |
  3: | | |Optional[v]|Optional[<]| | | | | | | | | |
  2: |Optional[*]| | | | | |Optional[*]| | | | | | |
  1: | | | | |Optional[*]| | | |Optional[*]| | | | |
  0: ---------------------------

Zwierzę na pozycji (3,3) jest zablokowane
 y\x  0 1 2 3 4 5 6 7 8 9101112
 11: ---------------------------
 10: | | | |Optional[*]| | | | | | | | | |
  9: | | | | | | | |Optional[*]| | | | | |
  8: | | | | | | |Optional[*]|Optional[*]| | | | | |
  7: | | | | | | | | |Optional[*]| | | |Optional[*]|
  6: |Optional[*]| | | | | | | | | | | | |
  5: | |Optional[*]| | |Optional[*]| | | | | |Optional[*]| | |
  4: | |Optional[*]| | | | | | | | | | | |
  3: | | |Optional[v]|Optional[<]| | | | | | | | | |
  2: |Optional[*]| | | | | |Optional[*]| | | | | | |
  1: | | | | |Optional[*]| | | |Optional[*]| | | | |
  0: ---------------------------

Poruszono zwierzę z pozycji (2,3) na pozycję (2,2) 
 y\x  0 1 2 3 4 5 6 7 8 9101112
 11: ---------------------------
 10: | | | |Optional[*]| | | | | | | | | |
  9: | | | | | | | |Optional[*]| | | | | |
  8: | | | | | | |Optional[*]|Optional[*]| | | | | |
  7: | | | | | | | | |Optional[*]| | | |Optional[*]|
  6: |Optional[*]| | | | | | | | | | | | |
  5: | |Optional[*]| | |Optional[*]| | | | | |Optional[*]| | |
  4: | |Optional[*]| | | | | | | | | | | |
  3: | | | |Optional[<]| | | | | | | | | |
  2: |Optional[*]| |Optional[v]| | | |Optional[*]| | | | | | |
  1: | | | | |Optional[*]| | | |Optional[*]| | | | |
  0: ---------------------------

Poruszono zwierzę z pozycji (3,3) na pozycję (2,3) 
 y\x  0 1 2 3 4 5 6 7 8 9101112
 11: ---------------------------
 10: | | | |Optional[*]| | | | | | | | | |
  9: | | | | | | | |Optional[*]| | | | | |
  8: | | | | | | |Optional[*]|Optional[*]| | | | | |
  7: | | | | | | | | |Optional[*]| | | |Optional[*]|
  6: |Optional[*]| | | | | | | | | | | | |
  5: | |Optional[*]| | |Optional[*]| | | | | |Optional[*]| | |
  4: | |Optional[*]| | | | | | | | | | | |
  3: | | |Optional[<]|Optional[*]| | | | | | | | | |
  2: |Optional[*]| |Optional[v]| | | |Optional[*]| | | | | | |
  1: | | | | |Optional[*]| | | |Optional[*]| | | | |
  0: ---------------------------

Poruszono zwierzę z pozycji (2,2) na pozycję (2,1) 
 y\x  0 1 2 3 4 5 6 7 8 9101112
 11: ---------------------------
 10: | | | |Optional[*]| | | | | | | | | |
  9: | | | | | | | |Optional[*]| | | | | |
  8: | | | | | | |Optional[*]|Optional[*]| | | | | |
  7: | | | | | | | | |Optional[*]| | | |Optional[*]|
  6: |Optional[*]| | | | | | | | | | | | |
  5: | |Optional[*]| | |Optional[*]| | | | | |Optional[*]| | |
  4: | |Optional[*]| | | | | | | | | | | |
  3: | | |Optional[<]|Optional[*]| | | | | | | | | |
  2: |Optional[*]| | | | | |Optional[*]| | | | | | |
  1: | | |Optional[v]| |Optional[*]| | | |Optional[*]| | | | |
  0: ---------------------------

Poruszono zwierzę z pozycji (2,3) na pozycję (1,3) 
 y\x  0 1 2 3 4 5 6 7 8 9101112
 11: ---------------------------
 10: | | | |Optional[*]| | | | | | | | | |
  9: | | | | | | | |Optional[*]| | | | | |
  8: | | | | | | |Optional[*]|Optional[*]| | | | | |
  7: | | | | | | | | |Optional[*]| | | |Optional[*]|
  6: |Optional[*]| | | | | | | | | | | | |
  5: | |Optional[*]| | |Optional[*]| | | | | |Optional[*]| | |
  4: | |Optional[*]| | | | | | | | | | | |
  3: | |Optional[<]| |Optional[*]| | | | | | | | | |
  2: |Optional[*]| | | | | |Optional[*]| | | | | | |
  1: | | |Optional[v]| |Optional[*]| | | |Optional[*]| | | | |
  0: ---------------------------

Poruszono zwierzę z pozycji (2,1) na pozycję (2,0) 
 y\x  0 1 2 3 4 5 6 7 8 9101112
 11: ---------------------------
 10: | | | |Optional[*]| | | | | | | | | |
  9: | | | | | | | |Optional[*]| | | | | |
  8: | | | | | | |Optional[*]|Optional[*]| | | | | |
  7: | | | | | | | | |Optional[*]| | | |Optional[*]|
  6: |Optional[*]| | | | | | | | | | | | |
  5: | |Optional[*]| | |Optional[*]| | | | | |Optional[*]| | |
  4: | |Optional[*]| | | | | | | | | | | |
  3: | |Optional[<]| |Optional[*]| | | | | | | | | |
  2: |Optional[*]| | | | | |Optional[*]| | | | | | |
  1: | | | | |Optional[*]| | | |Optional[*]| | | | |
  0: | | |Optional[v]| | | | | | | | | | |
 -1: ---------------------------

Poruszono zwierzę z pozycji (1,3) na pozycję (0,3) 
 y\x  0 1 2 3 4 5 6 7 8 9101112
 11: ---------------------------
 10: | | | |Optional[*]| | | | | | | | | |
  9: | | | | | | | |Optional[*]| | | | | |
  8: | | | | | | |Optional[*]|Optional[*]| | | | | |
  7: | | | | | | | | |Optional[*]| | | |Optional[*]|
  6: |Optional[*]| | | | | | | | | | | | |
  5: | |Optional[*]| | |Optional[*]| | | | | |Optional[*]| | |
  4: | |Optional[*]| | | | | | | | | | | |
  3: |Optional[<]| | |Optional[*]| | | | | | | | | |
  2: |Optional[*]| | | | | |Optional[*]| | | | | | |
  1: | | | | |Optional[*]| | | |Optional[*]| | | | |
  0: | | |Optional[v]| | | | | | | | | | |
 -1: ---------------------------

Poruszono zwierzę z pozycji (2,0) na pozycję (2,-1) 
 y\x  0 1 2 3 4 5 6 7 8 9101112
 11: ---------------------------
 10: | | | |Optional[*]| | | | | | | | | |
  9: | | | | | | | |Optional[*]| | | | | |
  8: | | | | | | |Optional[*]|Optional[*]| | | | | |
  7: | | | | | | | | |Optional[*]| | | |Optional[*]|
  6: |Optional[*]| | | | | | | | | | | | |
  5: | |Optional[*]| | |Optional[*]| | | | | |Optional[*]| | |
  4: | |Optional[*]| | | | | | | | | | | |
  3: |Optional[<]| | |Optional[*]| | | | | | | | | |
  2: |Optional[*]| | | | | |Optional[*]| | | | | | |
  1: | | | | |Optional[*]| | | |Optional[*]| | | | |
  0: | | | | | | | | | | | | | |
 -1: | | |Optional[v]| | | | | | | | | | |
 -2: ---------------------------

Zwierzę na pozycji (0,3) obróciło się w stronę Północ
 y\x  0 1 2 3 4 5 6 7 8 9101112
 11: ---------------------------
 10: | | | |Optional[*]| | | | | | | | | |
  9: | | | | | | | |Optional[*]| | | | | |
  8: | | | | | | |Optional[*]|Optional[*]| | | | | |
  7: | | | | | | | | |Optional[*]| | | |Optional[*]|
  6: |Optional[*]| | | | | | | | | | | | |
  5: | |Optional[*]| | |Optional[*]| | | | | |Optional[*]| | |
  4: | |Optional[*]| | | | | | | | | | | |
  3: |Optional[^]| | |Optional[*]| | | | | | | | | |
  2: |Optional[*]| | | | | |Optional[*]| | | | | | |
  1: | | | | |Optional[*]| | | |Optional[*]| | | | |
  0: | | | | | | | | | | | | | |
 -1: | | |Optional[v]| | | | | | | | | | |
 -2: ---------------------------

Poruszono zwierzę z pozycji (2,-1) na pozycję (2,-2) 
 y\x  0 1 2 3 4 5 6 7 8 9101112
 11: ---------------------------
 10: | | | |Optional[*]| | | | | | | | | |
  9: | | | | | | | |Optional[*]| | | | | |
  8: | | | | | | |Optional[*]|Optional[*]| | | | | |
  7: | | | | | | | | |Optional[*]| | | |Optional[*]|
  6: |Optional[*]| | | | | | | | | | | | |
  5: | |Optional[*]| | |Optional[*]| | | | | |Optional[*]| | |
  4: | |Optional[*]| | | | | | | | | | | |
  3: |Optional[^]| | |Optional[*]| | | | | | | | | |
  2: |Optional[*]| | | | | |Optional[*]| | | | | | |
  1: | | | | |Optional[*]| | | |Optional[*]| | | | |
  0: | | | | | | | | | | | | | |
 -1: | | | | | | | | | | | | | |
 -2: | | |Optional[v]| | | | | | | | | | |
 -3: ---------------------------

Poruszono zwierzę z pozycji (0,3) na pozycję (0,4) 
 y\x  0 1 2 3 4 5 6 7 8 9101112
 11: ---------------------------
 10: | | | |Optional[*]| | | | | | | | | |
  9: | | | | | | | |Optional[*]| | | | | |
  8: | | | | | | |Optional[*]|Optional[*]| | | | | |
  7: | | | | | | | | |Optional[*]| | | |Optional[*]|
  6: |Optional[*]| | | | | | | | | | | | |
  5: | |Optional[*]| | |Optional[*]| | | | | |Optional[*]| | |
  4: |Optional[^]|Optional[*]| | | | | | | | | | | |
  3: | | | |Optional[*]| | | | | | | | | |
  2: |Optional[*]| | | | | |Optional[*]| | | | | | |
  1: | | | | |Optional[*]| | | |Optional[*]| | | | |
  0: | | | | | | | | | | | | | |
 -1: | | | | | | | | | | | | | |
 -2: | | |Optional[v]| | | | | | | | | | |
 -3: ---------------------------

Poruszono zwierzę z pozycji (2,-2) na pozycję (2,-3) 
 y\x  0 1 2 3 4 5 6 7 8 9101112
 11: ---------------------------
 10: | | | |Optional[*]| | | | | | | | | |
  9: | | | | | | | |Optional[*]| | | | | |
  8: | | | | | | |Optional[*]|Optional[*]| | | | | |
  7: | | | | | | | | |Optional[*]| | | |Optional[*]|
  6: |Optional[*]| | | | | | | | | | | | |
  5: | |Optional[*]| | |Optional[*]| | | | | |Optional[*]| | |
  4: |Optional[^]|Optional[*]| | | | | | | | | | | |
  3: | | | |Optional[*]| | | | | | | | | |
  2: |Optional[*]| | | | | |Optional[*]| | | | | | |
  1: | | | | |Optional[*]| | | |Optional[*]| | | | |
  0: | | | | | | | | | | | | | |
 -1: | | | | | | | | | | | | | |
 -2: | | | | | | | | | | | | | |
 -3: | | |Optional[v]| | | | | | | | | | |
 -4: ---------------------------

Dodano zwierzę na pozycji: (2,2)
 y\x  0 1 2 3 4 5 6 7 8 9101112
 14: ---------------------------
 13: | | | | | | |Optional[*]| | | | | | |
 12: | | | | | | | | | | | | | |
 11: | | | | | | | | | | | | | |
 10: | | | |Optional[*]| | | | | |Optional[*]| | | |
  9: |Optional[*]| |Optional[*]| | | | | | | | | |Optional[*]|
  8: | | | | | | | | | | | | | |
  7: | |Optional[*]| | | | | | | | | | | |
  6: | | |Optional[*]| | |Optional[*]| |Optional[*]| | | | | |
  5: | | | | | |Optional[*]| | |Optional[*]| | | | |
  4: | | | | | | | | | | | | | |
  3: | | | | | | | | | | | | | |
  2: | | |Optional[^]| | | | | | | | | |Optional[*]|
  1: |Optional[*]| | | | | | | | | | | | |
  0: | | | | | | | | | |Optional[*]| | |Optional[*]|
 -1: ---------------------------

Dodano zwierzę na pozycji: (3,4)
 y\x  0 1 2 3 4 5 6 7 8 9101112
 14: ---------------------------
 13: | | | | | | |Optional[*]| | | | | | |
 12: | | | | | | | | | | | | | |
 11: | | | | | | | | | | | | | |
 10: | | | |Optional[*]| | | | | |Optional[*]| | | |
  9: |Optional[*]| |Optional[*]| | | | | | | | | |Optional[*]|
  8: | | | | | | | | | | | | | |
  7: | |Optional[*]| | | | | | | | | | | |
  6: | | |Optional[*]| | |Optional[*]| |Optional[*]| | | | | |
  5: | | | | | |Optional[*]| | |Optional[*]| | | | |
  4: | | | |Optional[^]| | | | | | | | | |
  3: | | | | | | | | | | | | | |
  2: | | |Optional[^]| | | | | | | | | |Optional[*]|
  1: |Optional[*]| | | | | | | | | | | | |
  0: | | | | | | | | | |Optional[*]| | |Optional[*]|
 -1: ---------------------------

Poruszono zwierzę z pozycji (2,2) na pozycję (2,3) 
 y\x  0 1 2 3 4 5 6 7 8 9101112
 14: ---------------------------
 13: | | | | | | |Optional[*]| | | | | | |
 12: | | | | | | | | | | | | | |
 11: | | | | | | | | | | | | | |
 10: | | | |Optional[*]| | | | | |Optional[*]| | | |
  9: |Optional[*]| |Optional[*]| | | | | | | | | |Optional[*]|
  8: | | | | | | | | | | | | | |
  7: | |Optional[*]| | | | | | | | | | | |
  6: | | |Optional[*]| | |Optional[*]| |Optional[*]| | | | | |
  5: | | | | | |Optional[*]| | |Optional[*]| | | | |
  4: | | | |Optional[^]| | | | | | | | | |
  3: | | |Optional[^]| | | | | | | | | | |
  2: | | | | | | | | | | | | |Optional[*]|
  1: |Optional[*]| | | | | | | | | | | | |
  0: | | | | | | | | | |Optional[*]| | |Optional[*]|
 -1: ---------------------------

Poruszono zwierzę z pozycji (3,4) na pozycję (3,3) 
 y\x  0 1 2 3 4 5 6 7 8 9101112
 14: ---------------------------
 13: | | | | | | |Optional[*]| | | | | | |
 12: | | | | | | | | | | | | | |
 11: | | | | | | | | | | | | | |
 10: | | | |Optional[*]| | | | | |Optional[*]| | | |
  9: |Optional[*]| |Optional[*]| | | | | | | | | |Optional[*]|
  8: | | | | | | | | | | | | | |
  7: | |Optional[*]| | | | | | | | | | | |
  6: | | |Optional[*]| | |Optional[*]| |Optional[*]| | | | | |
  5: | | | | | |Optional[*]| | |Optional[*]| | | | |
  4: | | | | | | | | | | | | | |
  3: | | |Optional[^]|Optional[^]| | | | | | | | | |
  2: | | | | | | | | | | | | |Optional[*]|
  1: |Optional[*]| | | | | | | | | | | | |
  0: | | | | | | | | | |Optional[*]| | |Optional[*]|
 -1: ---------------------------

Zwierzę na pozycji (2,3) obróciło się w stronę Wschód
 y\x  0 1 2 3 4 5 6 7 8 9101112
 14: ---------------------------
 13: | | | | | | |Optional[*]| | | | | | |
 12: | | | | | | | | | | | | | |
 11: | | | | | | | | | | | | | |
 10: | | | |Optional[*]| | | | | |Optional[*]| | | |
  9: |Optional[*]| |Optional[*]| | | | | | | | | |Optional[*]|
  8: | | | | | | | | | | | | | |
  7: | |Optional[*]| | | | | | | | | | | |
  6: | | |Optional[*]| | |Optional[*]| |Optional[*]| | | | | |
  5: | | | | | |Optional[*]| | |Optional[*]| | | | |
  4: | | | | | | | | | | | | | |
  3: | | |Optional[>]|Optional[^]| | | | | | | | | |
  2: | | | | | | | | | | | | |Optional[*]|
  1: |Optional[*]| | | | | | | | | | | | |
  0: | | | | | | | | | |Optional[*]| | |Optional[*]|
 -1: ---------------------------

Zwierzę na pozycji (3,3) obróciło się w stronę Zachód
 y\x  0 1 2 3 4 5 6 7 8 9101112
 14: ---------------------------
 13: | | | | | | |Optional[*]| | | | | | |
 12: | | | | | | | | | | | | | |
 11: | | | | | | | | | | | | | |
 10: | | | |Optional[*]| | | | | |Optional[*]| | | |
  9: |Optional[*]| |Optional[*]| | | | | | | | | |Optional[*]|
  8: | | | | | | | | | | | | | |
  7: | |Optional[*]| | | | | | | | | | | |
  6: | | |Optional[*]| | |Optional[*]| |Optional[*]| | | | | |
  5: | | | | | |Optional[*]| | |Optional[*]| | | | |
  4: | | | | | | | | | | | | | |
  3: | | |Optional[>]|Optional[<]| | | | | | | | | |
  2: | | | | | | | | | | | | |Optional[*]|
  1: |Optional[*]| | | | | | | | | | | | |
  0: | | | | | | | | | |Optional[*]| | |Optional[*]|
 -1: ---------------------------

Zwierzę na pozycji (2,3) jest zablokowane
 y\x  0 1 2 3 4 5 6 7 8 9101112
 14: ---------------------------
 13: | | | | | | |Optional[*]| | | | | | |
 12: | | | | | | | | | | | | | |
 11: | | | | | | | | | | | | | |
 10: | | | |Optional[*]| | | | | |Optional[*]| | | |
  9: |Optional[*]| |Optional[*]| | | | | | | | | |Optional[*]|
  8: | | | | | | | | | | | | | |
  7: | |Optional[*]| | | | | | | | | | | |
  6: | | |Optional[*]| | |Optional[*]| |Optional[*]| | | | | |
  5: | | | | | |Optional[*]| | |Optional[*]| | | | |
  4: | | | | | | | | | | | | | |
  3: | | |Optional[>]|Optional[<]| | | | | | | | | |
  2: | | | | | | | | | | | | |Optional[*]|
  1: |Optional[*]| | | | | | | | | | | | |
  0: | | | | | | | | | |Optional[*]| | |Optional[*]|
 -1: ---------------------------

Zwierzę na pozycji (3,3) obróciło się w stronę Północ
 y\x  0 1 2 3 4 5 6 7 8 9101112
 14: ---------------------------
 13: | | | | | | |Optional[*]| | | | | | |
 12: | | | | | | | | | | | | | |
 11: | | | | | | | | | | | | | |
 10: | | | |Optional[*]| | | | | |Optional[*]| | | |
  9: |Optional[*]| |Optional[*]| | | | | | | | | |Optional[*]|
  8: | | | | | | | | | | | | | |
  7: | |Optional[*]| | | | | | | | | | | |
  6: | | |Optional[*]| | |Optional[*]| |Optional[*]| | | | | |
  5: | | | | | |Optional[*]| | |Optional[*]| | | | |
  4: | | | | | | | | | | | | | |
  3: | | |Optional[>]|Optional[^]| | | | | | | | | |
  2: | | | | | | | | | | | | |Optional[*]|
  1: |Optional[*]| | | | | | | | | | | | |
  0: | | | | | | | | | |Optional[*]| | |Optional[*]|
 -1: ---------------------------

Zwierzę na pozycji (2,3) jest zablokowane
 y\x  0 1 2 3 4 5 6 7 8 9101112
 14: ---------------------------
 13: | | | | | | |Optional[*]| | | | | | |
 12: | | | | | | | | | | | | | |
 11: | | | | | | | | | | | | | |
 10: | | | |Optional[*]| | | | | |Optional[*]| | | |
  9: |Optional[*]| |Optional[*]| | | | | | | | | |Optional[*]|
  8: | | | | | | | | | | | | | |
  7: | |Optional[*]| | | | | | | | | | | |
  6: | | |Optional[*]| | |Optional[*]| |Optional[*]| | | | | |
  5: | | | | | |Optional[*]| | |Optional[*]| | | | |
  4: | | | | | | | | | | | | | |
  3: | | |Optional[>]|Optional[^]| | | | | | | | | |
  2: | | | | | | | | | | | | |Optional[*]|
  1: |Optional[*]| | | | | | | | | | | | |
  0: | | | | | | | | | |Optional[*]| | |Optional[*]|
 -1: ---------------------------

Poruszono zwierzę z pozycji (3,3) na pozycję (3,4) 
 y\x  0 1 2 3 4 5 6 7 8 9101112
 14: ---------------------------
 13: | | | | | | |Optional[*]| | | | | | |
 12: | | | | | | | | | | | | | |
 11: | | | | | | | | | | | | | |
 10: | | | |Optional[*]| | | | | |Optional[*]| | | |
  9: |Optional[*]| |Optional[*]| | | | | | | | | |Optional[*]|
  8: | | | | | | | | | | | | | |
  7: | |Optional[*]| | | | | | | | | | | |
  6: | | |Optional[*]| | |Optional[*]| |Optional[*]| | | | | |
  5: | | | | | |Optional[*]| | |Optional[*]| | | | |
  4: | | | |Optional[^]| | | | | | | | | |
  3: | | |Optional[>]| | | | | | | | | | |
  2: | | | | | | | | | | | | |Optional[*]|
  1: |Optional[*]| | | | | | | | | | | | |
  0: | | | | | | | | | |Optional[*]| | |Optional[*]|
 -1: ---------------------------

Poruszono zwierzę z pozycji (2,3) na pozycję (3,3) 
 y\x  0 1 2 3 4 5 6 7 8 9101112
 14: ---------------------------
 13: | | | | | | |Optional[*]| | | | | | |
 12: | | | | | | | | | | | | | |
 11: | | | | | | | | | | | | | |
 10: | | | |Optional[*]| | | | | |Optional[*]| | | |
  9: |Optional[*]| |Optional[*]| | | | | | | | | |Optional[*]|
  8: | | | | | | | | | | | | | |
  7: | |Optional[*]| | | | | | | | | | | |
  6: | | |Optional[*]| | |Optional[*]| |Optional[*]| | | | | |
  5: | | | | | |Optional[*]| | |Optional[*]| | | | |
  4: | | | |Optional[^]| | | | | | | | | |
  3: | | | |Optional[>]| | | | | | | | | |
  2: | | | | | | | | | | | | |Optional[*]|
  1: |Optional[*]| | | | | | | | | | | | |
  0: | | | | | | | | | |Optional[*]| | |Optional[*]|
 -1: ---------------------------

Zwierzę na pozycji (3,4) obróciło się w stronę Wschód
 y\x  0 1 2 3 4 5 6 7 8 9101112
 14: ---------------------------
 13: | | | | | | |Optional[*]| | | | | | |
 12: | | | | | | | | | | | | | |
 11: | | | | | | | | | | | | | |
 10: | | | |Optional[*]| | | | | |Optional[*]| | | |
  9: |Optional[*]| |Optional[*]| | | | | | | | | |Optional[*]|
  8: | | | | | | | | | | | | | |
  7: | |Optional[*]| | | | | | | | | | | |
  6: | | |Optional[*]| | |Optional[*]| |Optional[*]| | | | | |
  5: | | | | | |Optional[*]| | |Optional[*]| | | | |
  4: | | | |Optional[>]| | | | | | | | | |
  3: | | | |Optional[>]| | | | | | | | | |
  2: | | | | | | | | | | | | |Optional[*]|
  1: |Optional[*]| | | | | | | | | | | | |
  0: | | | | | | | | | |Optional[*]| | |Optional[*]|
 -1: ---------------------------

Poruszono zwierzę z pozycji (3,3) na pozycję (4,3) 
 y\x  0 1 2 3 4 5 6 7 8 9101112
 14: ---------------------------
 13: | | | | | | |Optional[*]| | | | | | |
 12: | | | | | | | | | | | | | |
 11: | | | | | | | | | | | | | |
 10: | | | |Optional[*]| | | | | |Optional[*]| | | |
  9: |Optional[*]| |Optional[*]| | | | | | | | | |Optional[*]|
  8: | | | | | | | | | | | | | |
  7: | |Optional[*]| | | | | | | | | | | |
  6: | | |Optional[*]| | |Optional[*]| |Optional[*]| | | | | |
  5: | | | | | |Optional[*]| | |Optional[*]| | | | |
  4: | | | |Optional[>]| | | | | | | | | |
  3: | | | | |Optional[>]| | | | | | | | |
  2: | | | | | | | | | | | | |Optional[*]|
  1: |Optional[*]| | | | | | | | | | | | |
  0: | | | | | | | | | |Optional[*]| | |Optional[*]|
 -1: ---------------------------

Poruszono zwierzę z pozycji (3,4) na pozycję (4,4) 
 y\x  0 1 2 3 4 5 6 7 8 9101112
 14: ---------------------------
 13: | | | | | | |Optional[*]| | | | | | |
 12: | | | | | | | | | | | | | |
 11: | | | | | | | | | | | | | |
 10: | | | |Optional[*]| | | | | |Optional[*]| | | |
  9: |Optional[*]| |Optional[*]| | | | | | | | | |Optional[*]|
  8: | | | | | | | | | | | | | |
  7: | |Optional[*]| | | | | | | | | | | |
  6: | | |Optional[*]| | |Optional[*]| |Optional[*]| | | | | |
  5: | | | | | |Optional[*]| | |Optional[*]| | | | |
  4: | | | | |Optional[>]| | | | | | | | |
  3: | | | | |Optional[>]| | | | | | | | |
  2: | | | | | | | | | | | | |Optional[*]|
  1: |Optional[*]| | | | | | | | | | | | |
  0: | | | | | | | | | |Optional[*]| | |Optional[*]|
 -1: ---------------------------

Poruszono zwierzę z pozycji (4,3) na pozycję (5,3) 
 y\x  0 1 2 3 4 5 6 7 8 9101112
 14: ---------------------------
 13: | | | | | | |Optional[*]| | | | | | |
 12: | | | | | | | | | | | | | |
 11: | | | | | | | | | | | | | |
 10: | | | |Optional[*]| | | | | |Optional[*]| | | |
  9: |Optional[*]| |Optional[*]| | | | | | | | | |Optional[*]|
  8: | | | | | | | | | | | | | |
  7: | |Optional[*]| | | | | | | | | | | |
  6: | | |Optional[*]| | |Optional[*]| |Optional[*]| | | | | |
  5: | | | | | |Optional[*]| | |Optional[*]| | | | |
  4: | | | | |Optional[>]| | | | | | | | |
  3: | | | | | |Optional[>]| | | | | | | |
  2: | | | | | | | | | | | | |Optional[*]|
  1: |Optional[*]| | | | | | | | | | | | |
  0: | | | | | | | | | |Optional[*]| | |Optional[*]|
 -1: ---------------------------

Poruszono zwierzę z pozycji (4,4) na pozycję (5,4) 
 y\x  0 1 2 3 4 5 6 7 8 9101112
 14: ---------------------------
 13: | | | | | | |Optional[*]| | | | | | |
 12: | | | | | | | | | | | | | |
 11: | | | | | | | | | | | | | |
 10: | | | |Optional[*]| | | | | |Optional[*]| | | |
  9: |Optional[*]| |Optional[*]| | | | | | | | | |Optional[*]|
  8: | | | | | | | | | | | | | |
  7: | |Optional[*]| | | | | | | | | | | |
  6: | | |Optional[*]| | |Optional[*]| |Optional[*]| | | | | |
  5: | | | | | |Optional[*]| | |Optional[*]| | | | |
  4: | | | | | |Optional[>]| | | | | | | |
  3: | | | | | |Optional[>]| | | | | | | |
  2: | | | | | | | | | | | | |Optional[*]|
  1: |Optional[*]| | | | | | | | | | | | |
  0: | | | | | | | | | |Optional[*]| | |Optional[*]|
 -1: ---------------------------

Poruszono zwierzę z pozycji (5,3) na pozycję (6,3) 
 y\x  0 1 2 3 4 5 6 7 8 9101112
 14: ---------------------------
 13: | | | | | | |Optional[*]| | | | | | |
 12: | | | | | | | | | | | | | |
 11: | | | | | | | | | | | | | |
 10: | | | |Optional[*]| | | | | |Optional[*]| | | |
  9: |Optional[*]| |Optional[*]| | | | | | | | | |Optional[*]|
  8: | | | | | | | | | | | | | |
  7: | |Optional[*]| | | | | | | | | | | |
  6: | | |Optional[*]| | |Optional[*]| |Optional[*]| | | | | |
  5: | | | | | |Optional[*]| | |Optional[*]| | | | |
  4: | | | | | |Optional[>]| | | | | | | |
  3: | | | | | | |Optional[>]| | | | | | |
  2: | | | | | | | | | | | | |Optional[*]|
  1: |Optional[*]| | | | | | | | | | | | |
  0: | | | | | | | | | |Optional[*]| | |Optional[*]|
 -1: ---------------------------

Poruszono zwierzę z pozycji (5,4) na pozycję (4,4) 
 y\x  0 1 2 3 4 5 6 7 8 9101112
 14: ---------------------------
 13: | | | | | | |Optional[*]| | | | | | |
 12: | | | | | | | | | | | | | |
 11: | | | | | | | | | | | | | |
 10: | | | |Optional[*]| | | | | |Optional[*]| | | |
  9: |Optional[*]| |Optional[*]| | | | | | | | | |Optional[*]|
  8: | | | | | | | | | | | | | |
  7: | |Optional[*]| | | | | | | | | | | |
  6: | | |Optional[*]| | |Optional[*]| |Optional[*]| | | | | |
  5: | | | | | |Optional[*]| | |Optional[*]| | | | |
  4: | | | | |Optional[>]| | | | | | | | |
  3: | | | | | | |Optional[>]| | | | | | |
  2: | | | | | | | | | | | | |Optional[*]|
  1: |Optional[*]| | | | | | | | | | | | |
  0: | | | | | | | | | |Optional[*]| | |Optional[*]|
 -1: ---------------------------

Zwierzę na pozycji (6,3) obróciło się w stronę Południe
 y\x  0 1 2 3 4 5 6 7 8 9101112
 14: ---------------------------
 13: | | | | | | |Optional[*]| | | | | | |
 12: | | | | | | | | | | | | | |
 11: | | | | | | | | | | | | | |
 10: | | | |Optional[*]| | | | | |Optional[*]| | | |
  9: |Optional[*]| |Optional[*]| | | | | | | | | |Optional[*]|
  8: | | | | | | | | | | | | | |
  7: | |Optional[*]| | | | | | | | | | | |
  6: | | |Optional[*]| | |Optional[*]| |Optional[*]| | | | | |
  5: | | | | | |Optional[*]| | |Optional[*]| | | | |
  4: | | | | |Optional[>]| | | | | | | | |
  3: | | | | | | |Optional[v]| | | | | | |
  2: | | | | | | | | | | | | |Optional[*]|
  1: |Optional[*]| | | | | | | | | | | | |
  0: | | | | | | | | | |Optional[*]| | |Optional[*]|
 -1: ---------------------------

Zwierzę na pozycji (4,4) obróciło się w stronę Północ
 y\x  0 1 2 3 4 5 6 7 8 9101112
 14: ---------------------------
 13: | | | | | | |Optional[*]| | | | | | |
 12: | | | | | | | | | | | | | |
 11: | | | | | | | | | | | | | |
 10: | | | |Optional[*]| | | | | |Optional[*]| | | |
  9: |Optional[*]| |Optional[*]| | | | | | | | | |Optional[*]|
  8: | | | | | | | | | | | | | |
  7: | |Optional[*]| | | | | | | | | | | |
  6: | | |Optional[*]| | |Optional[*]| |Optional[*]| | | | | |
  5: | | | | | |Optional[*]| | |Optional[*]| | | | |
  4: | | | | |Optional[^]| | | | | | | | |
  3: | | | | | | |Optional[v]| | | | | | |
  2: | | | | | | | | | | | | |Optional[*]|
  1: |Optional[*]| | | | | | | | | | | | |
  0: | | | | | | | | | |Optional[*]| | |Optional[*]|
 -1: ---------------------------

Poruszono zwierzę z pozycji (6,3) na pozycję (6,2) 
 y\x  0 1 2 3 4 5 6 7 8 9101112
 14: ---------------------------
 13: | | | | | | |Optional[*]| | | | | | |
 12: | | | | | | | | | | | | | |
 11: | | | | | | | | | | | | | |
 10: | | | |Optional[*]| | | | | |Optional[*]| | | |
  9: |Optional[*]| |Optional[*]| | | | | | | | | |Optional[*]|
  8: | | | | | | | | | | | | | |
  7: | |Optional[*]| | | | | | | | | | | |
  6: | | |Optional[*]| | |Optional[*]| |Optional[*]| | | | | |
  5: | | | | | |Optional[*]| | |Optional[*]| | | | |
  4: | | | | |Optional[^]| | | | | | | | |
  3: | | | | | | | | | | | | | |
  2: | | | | | | |Optional[v]| | | | | |Optional[*]|
  1: |Optional[*]| | | | | | | | | | | | |
  0: | | | | | | | | | |Optional[*]| | |Optional[*]|
 -1: ---------------------------

Zwierzę na pozycji (4,4) obróciło się w stronę Wschód
 y\x  0 1 2 3 4 5 6 7 8 9101112
 14: ---------------------------
 13: | | | | | | |Optional[*]| | | | | | |
 12: | | | | | | | | | | | | | |
 11: | | | | | | | | | | | | | |
 10: | | | |Optional[*]| | | | | |Optional[*]| | | |
  9: |Optional[*]| |Optional[*]| | | | | | | | | |Optional[*]|
  8: | | | | | | | | | | | | | |
  7: | |Optional[*]| | | | | | | | | | | |
  6: | | |Optional[*]| | |Optional[*]| |Optional[*]| | | | | |
  5: | | | | | |Optional[*]| | |Optional[*]| | | | |
  4: | | | | |Optional[>]| | | | | | | | |
  3: | | | | | | | | | | | | | |
  2: | | | | | | |Optional[v]| | | | | |Optional[*]|
  1: |Optional[*]| | | | | | | | | | | | |
  0: | | | | | | | | | |Optional[*]| | |Optional[*]|
 -1: ---------------------------

Poruszono zwierzę z pozycji (6,2) na pozycję (6,1) 
 y\x  0 1 2 3 4 5 6 7 8 9101112
 14: ---------------------------
 13: | | | | | | |Optional[*]| | | | | | |
 12: | | | | | | | | | | | | | |
 11: | | | | | | | | | | | | | |
 10: | | | |Optional[*]| | | | | |Optional[*]| | | |
  9: |Optional[*]| |Optional[*]| | | | | | | | | |Optional[*]|
  8: | | | | | | | | | | | | | |
  7: | |Optional[*]| | | | | | | | | | | |
  6: | | |Optional[*]| | |Optional[*]| |Optional[*]| | | | | |
  5: | | | | | |Optional[*]| | |Optional[*]| | | | |
  4: | | | | |Optional[>]| | | | | | | | |
  3: | | | | | | | | | | | | | |
  2: | | | | | | | | | | | | |Optional[*]|
  1: |Optional[*]| | | | | |Optional[v]| | | | | | |
  0: | | | | | | | | | |Optional[*]| | |Optional[*]|
 -1: ---------------------------

Poruszono zwierzę z pozycji (4,4) na pozycję (5,4) 
 y\x  0 1 2 3 4 5 6 7 8 9101112
 14: ---------------------------
 13: | | | | | | |Optional[*]| | | | | | |
 12: | | | | | | | | | | | | | |
 11: | | | | | | | | | | | | | |
 10: | | | |Optional[*]| | | | | |Optional[*]| | | |
  9: |Optional[*]| |Optional[*]| | | | | | | | | |Optional[*]|
  8: | | | | | | | | | | | | | |
  7: | |Optional[*]| | | | | | | | | | | |
  6: | | |Optional[*]| | |Optional[*]| |Optional[*]| | | | | |
  5: | | | | | |Optional[*]| | |Optional[*]| | | | |
  4: | | | | | |Optional[>]| | | | | | | |
  3: | | | | | | | | | | | | | |
  2: | | | | | | | | | | | | |Optional[*]|
  1: |Optional[*]| | | | | |Optional[v]| | | | | | |
  0: | | | | | | | | | |Optional[*]| | |Optional[*]|
 -1: ---------------------------

Poruszono zwierzę z pozycji (6,1) na pozycję (6,0) 
 y\x  0 1 2 3 4 5 6 7 8 9101112
 14: ---------------------------
 13: | | | | | | |Optional[*]| | | | | | |
 12: | | | | | | | | | | | | | |
 11: | | | | | | | | | | | | | |
 10: | | | |Optional[*]| | | | | |Optional[*]| | | |
  9: |Optional[*]| |Optional[*]| | | | | | | | | |Optional[*]|
  8: | | | | | | | | | | | | | |
  7: | |Optional[*]| | | | | | | | | | | |
  6: | | |Optional[*]| | |Optional[*]| |Optional[*]| | | | | |
  5: | | | | | |Optional[*]| | |Optional[*]| | | | |
  4: | | | | | |Optional[>]| | | | | | | |
  3: | | | | | | | | | | | | | |
  2: | | | | | | | | | | | | |Optional[*]|
  1: |Optional[*]| | | | | | | | | | | | |
  0: | | | | | | |Optional[v]| | |Optional[*]| | |Optional[*]|
 -1: ---------------------------

Zwierzę na pozycji (5,4) obróciło się w stronę Południe
 y\x  0 1 2 3 4 5 6 7 8 9101112
 14: ---------------------------
 13: | | | | | | |Optional[*]| | | | | | |
 12: | | | | | | | | | | | | | |
 11: | | | | | | | | | | | | | |
 10: | | | |Optional[*]| | | | | |Optional[*]| | | |
  9: |Optional[*]| |Optional[*]| | | | | | | | | |Optional[*]|
  8: | | | | | | | | | | | | | |
  7: | |Optional[*]| | | | | | | | | | | |
  6: | | |Optional[*]| | |Optional[*]| |Optional[*]| | | | | |
  5: | | | | | |Optional[*]| | |Optional[*]| | | | |
  4: | | | | | |Optional[v]| | | | | | | |
  3: | | | | | | | | | | | | | |
  2: | | | | | | | | | | | | |Optional[*]|
  1: |Optional[*]| | | | | | | | | | | | |
  0: | | | | | | |Optional[v]| | |Optional[*]| | |Optional[*]|
 -1: ---------------------------

Poruszono zwierzę z pozycji (6,0) na pozycję (6,-1) 
 y\x  0 1 2 3 4 5 6 7 8 9101112
 14: ---------------------------
 13: | | | | | | |Optional[*]| | | | | | |
 12: | | | | | | | | | | | | | |
 11: | | | | | | | | | | | | | |
 10: | | | |Optional[*]| | | | | |Optional[*]| | | |
  9: |Optional[*]| |Optional[*]| | | | | | | | | |Optional[*]|
  8: | | | | | | | | | | | | | |
  7: | |Optional[*]| | | | | | | | | | | |
  6: | | |Optional[*]| | |Optional[*]| |Optional[*]| | | | | |
  5: | | | | | |Optional[*]| | |Optional[*]| | | | |
  4: | | | | | |Optional[v]| | | | | | | |
  3: | | | | | | | | | | | | | |
  2: | | | | | | | | | | | | |Optional[*]|
  1: |Optional[*]| | | | | | | | | | | | |
  0: | | | | | | | | | |Optional[*]| | |Optional[*]|
 -1: | | | | | | |Optional[v]| | | | | | |
 -2: ---------------------------

Poruszono zwierzę z pozycji (5,4) na pozycję (5,3) 
 y\x  0 1 2 3 4 5 6 7 8 9101112
 14: ---------------------------
 13: | | | | | | |Optional[*]| | | | | | |
 12: | | | | | | | | | | | | | |
 11: | | | | | | | | | | | | | |
 10: | | | |Optional[*]| | | | | |Optional[*]| | | |
  9: |Optional[*]| |Optional[*]| | | | | | | | | |Optional[*]|
  8: | | | | | | | | | | | | | |
  7: | |Optional[*]| | | | | | | | | | | |
  6: | | |Optional[*]| | |Optional[*]| |Optional[*]| | | | | |
  5: | | | | | |Optional[*]| | |Optional[*]| | | | |
  4: | | | | | | | | | | | | | |
  3: | | | | | |Optional[v]| | | | | | | |
  2: | | | | | | | | | | | | |Optional[*]|
  1: |Optional[*]| | | | | | | | | | | | |
  0: | | | | | | | | | |Optional[*]| | |Optional[*]|
 -1: | | | | | | |Optional[v]| | | | | | |
 -2: ---------------------------

Poruszono zwierzę z pozycji (6,-1) na pozycję (6,-2) 
 y\x  0 1 2 3 4 5 6 7 8 9101112
 14: ---------------------------
 13: | | | | | | |Optional[*]| | | | | | |
 12: | | | | | | | | | | | | | |
 11: | | | | | | | | | | | | | |
 10: | | | |Optional[*]| | | | | |Optional[*]| | | |
  9: |Optional[*]| |Optional[*]| | | | | | | | | |Optional[*]|
  8: | | | | | | | | | | | | | |
  7: | |Optional[*]| | | | | | | | | | | |
  6: | | |Optional[*]| | |Optional[*]| |Optional[*]| | | | | |
  5: | | | | | |Optional[*]| | |Optional[*]| | | | |
  4: | | | | | | | | | | | | | |
  3: | | | | | |Optional[v]| | | | | | | |
  2: | | | | | | | | | | | | |Optional[*]|
  1: |Optional[*]| | | | | | | | | | | | |
  0: | | | | | | | | | |Optional[*]| | |Optional[*]|
 -1: | | | | | | | | | | | | | |
 -2: | | | | | | |Optional[v]| | | | | | |
 -3: ---------------------------

Poruszono zwierzę z pozycji (5,3) na pozycję (5,2) 
 y\x  0 1 2 3 4 5 6 7 8 9101112
 14: ---------------------------
 13: | | | | | | |Optional[*]| | | | | | |
 12: | | | | | | | | | | | | | |
 11: | | | | | | | | | | | | | |
 10: | | | |Optional[*]| | | | | |Optional[*]| | | |
  9: |Optional[*]| |Optional[*]| | | | | | | | | |Optional[*]|
  8: | | | | | | | | | | | | | |
  7: | |Optional[*]| | | | | | | | | | | |
  6: | | |Optional[*]| | |Optional[*]| |Optional[*]| | | | | |
  5: | | | | | |Optional[*]| | |Optional[*]| | | | |
  4: | | | | | | | | | | | | | |
  3: | | | | | | | | | | | | | |
  2: | | | | | |Optional[v]| | | | | | |Optional[*]|
  1: |Optional[*]| | | | | | | | | | | | |
  0: | | | | | | | | | |Optional[*]| | |Optional[*]|
 -1: | | | | | | | | | | | | | |
 -2: | | | | | | |Optional[v]| | | | | | |
 -3: ---------------------------

Poruszono zwierzę z pozycji (6,-2) na pozycję (6,-3) 
 y\x  0 1 2 3 4 5 6 7 8 9101112
 14: ---------------------------
 13: | | | | | | |Optional[*]| | | | | | |
 12: | | | | | | | | | | | | | |
 11: | | | | | | | | | | | | | |
 10: | | | |Optional[*]| | | | | |Optional[*]| | | |
  9: |Optional[*]| |Optional[*]| | | | | | | | | |Optional[*]|
  8: | | | | | | | | | | | | | |
  7: | |Optional[*]| | | | | | | | | | | |
  6: | | |Optional[*]| | |Optional[*]| |Optional[*]| | | | | |
  5: | | | | | |Optional[*]| | |Optional[*]| | | | |
  4: | | | | | | | | | | | | | |
  3: | | | | | | | | | | | | | |
  2: | | | | | |Optional[v]| | | | | | |Optional[*]|
  1: |Optional[*]| | | | | | | | | | | | |
  0: | | | | | | | | | |Optional[*]| | |Optional[*]|
 -1: | | | | | | | | | | | | | |
 -2: | | | | | | | | | | | | | |
 -3: | | | | | | |Optional[v]| | | | | | |
 -4: ---------------------------

Poruszono zwierzę z pozycji (5,2) na pozycję (5,3) 
 y\x  0 1 2 3 4 5 6 7 8 9101112
 14: ---------------------------
 13: | | | | | | |Optional[*]| | | | | | |
 12: | | | | | | | | | | | | | |
 11: | | | | | | | | | | | | | |
 10: | | | |Optional[*]| | | | | |Optional[*]| | | |
  9: |Optional[*]| |Optional[*]| | | | | | | | | |Optional[*]|
  8: | | | | | | | | | | | | | |
  7: | |Optional[*]| | | | | | | | | | | |
  6: | | |Optional[*]| | |Optional[*]| |Optional[*]| | | | | |
  5: | | | | | |Optional[*]| | |Optional[*]| | | | |
  4: | | | | | | | | | | | | | |
  3: | | | | | |Optional[v]| | | | | | | |
  2: | | | | | | | | | | | | |Optional[*]|
  1: |Optional[*]| | | | | | | | | | | | |
  0: | | | | | | | | | |Optional[*]| | |Optional[*]|
 -1: | | | | | | | | | | | | | |
 -2: | | | | | | | | | | | | | |
 -3: | | | | | | |Optional[v]| | | | | | |
 -4: ---------------------------

Zwierzę na pozycji (6,-3) obróciło się w stronę Zachód
 y\x  0 1 2 3 4 5 6 7 8 9101112
 14: ---------------------------
 13: | | | | | | |Optional[*]| | | | | | |
 12: | | | | | | | | | | | | | |
 11: | | | | | | | | | | | | | |
 10: | | | |Optional[*]| | | | | |Optional[*]| | | |
  9: |Optional[*]| |Optional[*]| | | | | | | | | |Optional[*]|
  8: | | | | | | | | | | | | | |
  7: | |Optional[*]| | | | | | | | | | | |
  6: | | |Optional[*]| | |Optional[*]| |Optional[*]| | | | | |
  5: | | | | | |Optional[*]| | |Optional[*]| | | | |
  4: | | | | | | | | | | | | | |
  3: | | | | | |Optional[v]| | | | | | | |
  2: | | | | | | | | | | | | |Optional[*]|
  1: |Optional[*]| | | | | | | | | | | | |
  0: | | | | | | | | | |Optional[*]| | |Optional[*]|
 -1: | | | | | | | | | | | | | |
 -2: | | | | | | | | | | | | | |
 -3: | | | | | | |Optional[<]| | | | | | |
 -4: ---------------------------

Zwierzę na pozycji (5,3) obróciło się w stronę Wschód
 y\x  0 1 2 3 4 5 6 7 8 9101112
 14: ---------------------------
 13: | | | | | | |Optional[*]| | | | | | |
 12: | | | | | | | | | | | | | |
 11: | | | | | | | | | | | | | |
 10: | | | |Optional[*]| | | | | |Optional[*]| | | |
  9: |Optional[*]| |Optional[*]| | | | | | | | | |Optional[*]|
  8: | | | | | | | | | | | | | |
  7: | |Optional[*]| | | | | | | | | | | |
  6: | | |Optional[*]| | |Optional[*]| |Optional[*]| | | | | |
  5: | | | | | |Optional[*]| | |Optional[*]| | | | |
  4: | | | | | | | | | | | | | |
  3: | | | | | |Optional[>]| | | | | | | |
  2: | | | | | | | | | | | | |Optional[*]|
  1: |Optional[*]| | | | | | | | | | | | |
  0: | | | | | | | | | |Optional[*]| | |Optional[*]|
 -1: | | | | | | | | | | | | | |
 -2: | | | | | | | | | | | | | |
 -3: | | | | | | |Optional[<]| | | | | | |
 -4: ---------------------------

Poruszono zwierzę z pozycji (6,-3) na pozycję (5,-3) 
 y\x  0 1 2 3 4 5 6 7 8 9101112
 14: ---------------------------
 13: | | | | | | |Optional[*]| | | | | | |
 12: | | | | | | | | | | | | | |
 11: | | | | | | | | | | | | | |
 10: | | | |Optional[*]| | | | | |Optional[*]| | | |
  9: |Optional[*]| |Optional[*]| | | | | | | | | |Optional[*]|
  8: | | | | | | | | | | | | | |
  7: | |Optional[*]| | | | | | | | | | | |
  6: | | |Optional[*]| | |Optional[*]| |Optional[*]| | | | | |
  5: | | | | | |Optional[*]| | |Optional[*]| | | | |
  4: | | | | | | | | | | | | | |
  3: | | | | | |Optional[>]| | | | | | | |
  2: | | | | | | | | | | | | |Optional[*]|
  1: |Optional[*]| | | | | | | | | | | | |
  0: | | | | | | | | | |Optional[*]| | |Optional[*]|
 -1: | | | | | | | | | | | | | |
 -2: | | | | | | | | | | | | | |
 -3: | | | | | |Optional[<]| | | | | | | |
 -4: ---------------------------

Zwierzę na pozycji (5,3) obróciło się w stronę Południe
 y\x  0 1 2 3 4 5 6 7 8 9101112
 14: ---------------------------
 13: | | | | | | |Optional[*]| | | | | | |
 12: | | | | | | | | | | | | | |
 11: | | | | | | | | | | | | | |
 10: | | | |Optional[*]| | | | | |Optional[*]| | | |
  9: |Optional[*]| |Optional[*]| | | | | | | | | |Optional[*]|
  8: | | | | | | | | | | | | | |
  7: | |Optional[*]| | | | | | | | | | | |
  6: | | |Optional[*]| | |Optional[*]| |Optional[*]| | | | | |
  5: | | | | | |Optional[*]| | |Optional[*]| | | | |
  4: | | | | | | | | | | | | | |
  3: | | | | | |Optional[v]| | | | | | | |
  2: | | | | | | | | | | | | |Optional[*]|
  1: |Optional[*]| | | | | | | | | | | | |
  0: | | | | | | | | | |Optional[*]| | |Optional[*]|
 -1: | | | | | | | | | | | | | |
 -2: | | | | | | | | | | | | | |
 -3: | | | | | |Optional[<]| | | | | | | |
 -4: ---------------------------

Poruszono zwierzę z pozycji (5,-3) na pozycję (4,-3) 
 y\x  0 1 2 3 4 5 6 7 8 9101112
 14: ---------------------------
 13: | | | | | | |Optional[*]| | | | | | |
 12: | | | | | | | | | | | | | |
 11: | | | | | | | | | | | | | |
 10: | | | |Optional[*]| | | | | |Optional[*]| | | |
  9: |Optional[*]| |Optional[*]| | | | | | | | | |Optional[*]|
  8: | | | | | | | | | | | | | |
  7: | |Optional[*]| | | | | | | | | | | |
  6: | | |Optional[*]| | |Optional[*]| |Optional[*]| | | | | |
  5: | | | | | |Optional[*]| | |Optional[*]| | | | |
  4: | | | | | | | | | | | | | |
  3: | | | | | |Optional[v]| | | | | | | |
  2: | | | | | | | | | | | | |Optional[*]|
  1: |Optional[*]| | | | | | | | | | | | |
  0: | | | | | | | | | |Optional[*]| | |Optional[*]|
 -1: | | | | | | | | | | | | | |
 -2: | | | | | | | | | | | | | |
 -3: | | | | |Optional[<]| | | | | | | | |
 -4: ---------------------------

Poruszono zwierzę z pozycji (5,3) na pozycję (5,2) 
 y\x  0 1 2 3 4 5 6 7 8 9101112
 14: ---------------------------
 13: | | | | | | |Optional[*]| | | | | | |
 12: | | | | | | | | | | | | | |
 11: | | | | | | | | | | | | | |
 10: | | | |Optional[*]| | | | | |Optional[*]| | | |
  9: |Optional[*]| |Optional[*]| | | | | | | | | |Optional[*]|
  8: | | | | | | | | | | | | | |
  7: | |Optional[*]| | | | | | | | | | | |
  6: | | |Optional[*]| | |Optional[*]| |Optional[*]| | | | | |
  5: | | | | | |Optional[*]| | |Optional[*]| | | | |
  4: | | | | | | | | | | | | | |
  3: | | | | | | | | | | | | | |
  2: | | | | | |Optional[v]| | | | | | |Optional[*]|
  1: |Optional[*]| | | | | | | | | | | | |
  0: | | | | | | | | | |Optional[*]| | |Optional[*]|
 -1: | | | | | | | | | | | | | |
 -2: | | | | | | | | | | | | | |
 -3: | | | | |Optional[<]| | | | | | | | |
 -4: ---------------------------

Poruszono zwierzę z pozycji (4,-3) na pozycję (3,-3) 
 y\x  0 1 2 3 4 5 6 7 8 9101112
 14: ---------------------------
 13: | | | | | | |Optional[*]| | | | | | |
 12: | | | | | | | | | | | | | |
 11: | | | | | | | | | | | | | |
 10: | | | |Optional[*]| | | | | |Optional[*]| | | |
  9: |Optional[*]| |Optional[*]| | | | | | | | | |Optional[*]|
  8: | | | | | | | | | | | | | |
  7: | |Optional[*]| | | | | | | | | | | |
  6: | | |Optional[*]| | |Optional[*]| |Optional[*]| | | | | |
  5: | | | | | |Optional[*]| | |Optional[*]| | | | |
  4: | | | | | | | | | | | | | |
  3: | | | | | | | | | | | | | |
  2: | | | | | |Optional[v]| | | | | | |Optional[*]|
  1: |Optional[*]| | | | | | | | | | | | |
  0: | | | | | | | | | |Optional[*]| | |Optional[*]|
 -1: | | | | | | | | | | | | | |
 -2: | | | | | | | | | | | | | |
 -3: | | | |Optional[<]| | | | | | | | | |
 -4: ---------------------------

Zwierzę na pozycji (5,2) obróciło się w stronę Zachód
 y\x  0 1 2 3 4 5 6 7 8 9101112
 14: ---------------------------
 13: | | | | | | |Optional[*]| | | | | | |
 12: | | | | | | | | | | | | | |
 11: | | | | | | | | | | | | | |
 10: | | | |Optional[*]| | | | | |Optional[*]| | | |
  9: |Optional[*]| |Optional[*]| | | | | | | | | |Optional[*]|
  8: | | | | | | | | | | | | | |
  7: | |Optional[*]| | | | | | | | | | | |
  6: | | |Optional[*]| | |Optional[*]| |Optional[*]| | | | | |
  5: | | | | | |Optional[*]| | |Optional[*]| | | | |
  4: | | | | | | | | | | | | | |
  3: | | | | | | | | | | | | | |
  2: | | | | | |Optional[<]| | | | | | |Optional[*]|
  1: |Optional[*]| | | | | | | | | | | | |
  0: | | | | | | | | | |Optional[*]| | |Optional[*]|
 -1: | | | | | | | | | | | | | |
 -2: | | | | | | | | | | | | | |
 -3: | | | |Optional[<]| | | | | | | | | |
 -4: ---------------------------

Poruszono zwierzę z pozycji (3,-3) na pozycję (2,-3) 
 y\x  0 1 2 3 4 5 6 7 8 9101112
 14: ---------------------------
 13: | | | | | | |Optional[*]| | | | | | |
 12: | | | | | | | | | | | | | |
 11: | | | | | | | | | | | | | |
 10: | | | |Optional[*]| | | | | |Optional[*]| | | |
  9: |Optional[*]| |Optional[*]| | | | | | | | | |Optional[*]|
  8: | | | | | | | | | | | | | |
  7: | |Optional[*]| | | | | | | | | | | |
  6: | | |Optional[*]| | |Optional[*]| |Optional[*]| | | | | |
  5: | | | | | |Optional[*]| | |Optional[*]| | | | |
  4: | | | | | | | | | | | | | |
  3: | | | | | | | | | | | | | |
  2: | | | | | |Optional[<]| | | | | | |Optional[*]|
  1: |Optional[*]| | | | | | | | | | | | |
  0: | | | | | | | | | |Optional[*]| | |Optional[*]|
 -1: | | | | | | | | | | | | | |
 -2: | | | | | | | | | | | | | |
 -3: | | |Optional[<]| | | | | | | | | | |
 -4: ---------------------------

Poruszono zwierzę z pozycji (5,2) na pozycję (4,2) 
 y\x  0 1 2 3 4 5 6 7 8 9101112
 14: ---------------------------
 13: | | | | | | |Optional[*]| | | | | | |
 12: | | | | | | | | | | | | | |
 11: | | | | | | | | | | | | | |
 10: | | | |Optional[*]| | | | | |Optional[*]| | | |
  9: |Optional[*]| |Optional[*]| | | | | | | | | |Optional[*]|
  8: | | | | | | | | | | | | | |
  7: | |Optional[*]| | | | | | | | | | | |
  6: | | |Optional[*]| | |Optional[*]| |Optional[*]| | | | | |
  5: | | | | | |Optional[*]| | |Optional[*]| | | | |
  4: | | | | | | | | | | | | | |
  3: | | | | | | | | | | | | | |
  2: | | | | |Optional[<]| | | | | | | |Optional[*]|
  1: |Optional[*]| | | | | | | | | | | | |
  0: | | | | | | | | | |Optional[*]| | |Optional[*]|
 -1: | | | | | | | | | | | | | |
 -2: | | | | | | | | | | | | | |
 -3: | | |Optional[<]| | | | | | | | | | |
 -4: ---------------------------

Poruszono zwierzę z pozycji (2,-3) na pozycję (1,-3) 
 y\x  0 1 2 3 4 5 6 7 8 9101112
 14: ---------------------------
 13: | | | | | | |Optional[*]| | | | | | |
 12: | | | | | | | | | | | | | |
 11: | | | | | | | | | | | | | |
 10: | | | |Optional[*]| | | | | |Optional[*]| | | |
  9: |Optional[*]| |Optional[*]| | | | | | | | | |Optional[*]|
  8: | | | | | | | | | | | | | |
  7: | |Optional[*]| | | | | | | | | | | |
  6: | | |Optional[*]| | |Optional[*]| |Optional[*]| | | | | |
  5: | | | | | |Optional[*]| | |Optional[*]| | | | |
  4: | | | | | | | | | | | | | |
  3: | | | | | | | | | | | | | |
  2: | | | | |Optional[<]| | | | | | | |Optional[*]|
  1: |Optional[*]| | | | | | | | | | | | |
  0: | | | | | | | | | |Optional[*]| | |Optional[*]|
 -1: | | | | | | | | | | | | | |
 -2: | | | | | | | | | | | | | |
 -3: | |Optional[<]| | | | | | | | | | | |
 -4: ---------------------------

Poruszono zwierzę z pozycji (4,2) na pozycję (3,2) 
 y\x  0 1 2 3 4 5 6 7 8 9101112
 14: ---------------------------
 13: | | | | | | |Optional[*]| | | | | | |
 12: | | | | | | | | | | | | | |
 11: | | | | | | | | | | | | | |
 10: | | | |Optional[*]| | | | | |Optional[*]| | | |
  9: |Optional[*]| |Optional[*]| | | | | | | | | |Optional[*]|
  8: | | | | | | | | | | | | | |
  7: | |Optional[*]| | | | | | | | | | | |
  6: | | |Optional[*]| | |Optional[*]| |Optional[*]| | | | | |
  5: | | | | | |Optional[*]| | |Optional[*]| | | | |
  4: | | | | | | | | | | | | | |
  3: | | | | | | | | | | | | | |
  2: | | | |Optional[<]| | | | | | | | |Optional[*]|
  1: |Optional[*]| | | | | | | | | | | | |
  0: | | | | | | | | | |Optional[*]| | |Optional[*]|
 -1: | | | | | | | | | | | | | |
 -2: | | | | | | | | | | | | | |
 -3: | |Optional[<]| | | | | | | | | | | |
 -4: ---------------------------

