Dodano zwierzę na pozycji: (2,2)
 y\x  1 2 3 4 5 6 7 8 910111213
 14: ---------------------------
 13: | | | | | | | | | | |Optional[*]| | |
 12: | | | | | | | | | | | | | |
 11: | | |Optional[*]| | | | | | | |Optional[*]| | |
 10: | | | | | | | | | | |Optional[*]| | |
  9: |Optional[*]| | | |Optional[*]| | | | | | | | |
  8: | | | | | | | | | | | | |Optional[*]|
  7: | | | | | | | | |Optional[*]| | |Optional[*]| |
  6: | | | | | | | | | | | | | |
  5: | | | | | | | | | | | | | |
  4: | | | | | | | | | | | | | |
  3: | | | | | | | | | | | | | |
  2: | |Optional[^]|Optional[*]| | | | | | | | | | |
  1: | |Optional[*]| | | | | | | |Optional[*]|Optional[*]| | |
  0: |Optional[*]|Optional[*]| |Optional[*]| | | | | | | | | |
 -1: ---------------------------

Dodano zwierzę na pozycji: (3,4)
 y\x  1 2 3 4 5 6 7 8 910111213
 14: ---------------------------
 13: | | | | | | | | | | |Optional[*]| | |
 12: | | | | | | | | | | | | | |
 11: | | |Optional[*]| | | | | | | |Optional[*]| | |
 10: | | | | | | | | | | |Optional[*]| | |
  9: |Optional[*]| | | |Optional[*]| | | | | | | | |
  8: | | | | | | | | | | | | |Optional[*]|
  7: | | | | | | | | |Optional[*]| | |Optional[*]| |
  6: | | | | | | | | | | | | | |
  5: | | | | | | | | | | | | | |
  4: | | |Optional[^]| | | | | | | | | | |
  3: | | | | | | | | | | | | | |
  2: | |Optional[^]|Optional[*]| | | | | | | | | | |
  1: | |Optional[*]| | | | | | | |Optional[*]|Optional[*]| | |
  0: |Optional[*]|Optional[*]| |Optional[*]| | | | | | | | | |
 -1: ---------------------------

Poruszono zwierzę z pozycji (2,2) na pozycję (2,3) 
 y\x  1 2 3 4 5 6 7 8 910111213
 14: ---------------------------
 13: | | | | | | | | | | |Optional[*]| | |
 12: | | | | | | | | | | | | | |
 11: | | |Optional[*]| | | | | | | |Optional[*]| | |
 10: | | | | | | | | | | |Optional[*]| | |
  9: |Optional[*]| | | |Optional[*]| | | | | | | | |
  8: | | | | | | | | | | | | |Optional[*]|
  7: | | | | | | | | |Optional[*]| | |Optional[*]| |
  6: | | | | | | | | | | | | | |
  5: | | | | | | | | | | | | | |
  4: | | |Optional[^]| | | | | | | | | | |
  3: | |Optional[^]| | | | | | | | | | | |
  2: | | |Optional[*]| | | | | | | | | | |
  1: | |Optional[*]| | | | | | | |Optional[*]|Optional[*]| | |
  0: |Optional[*]|Optional[*]| |Optional[*]| | | | | | | | | |
 -1: ---------------------------

Poruszono zwierzę z pozycji (3,4) na pozycję (3,3) 
 y\x  1 2 3 4 5 6 7 8 910111213
 14: ---------------------------
 13: | | | | | | | | | | |Optional[*]| | |
 12: | | | | | | | | | | | | | |
 11: | | |Optional[*]| | | | | | | |Optional[*]| | |
 10: | | | | | | | | | | |Optional[*]| | |
  9: |Optional[*]| | | |Optional[*]| | | | | | | | |
  8: | | | | | | | | | | | | |Optional[*]|
  7: | | | | | | | | |Optional[*]| | |Optional[*]| |
  6: | | | | | | | | | | | | | |
  5: | | | | | | | | | | | | | |
  4: | | | | | | | | | | | | | |
  3: | |Optional[^]|Optional[^]| | | | | | | | | | |
  2: | | |Optional[*]| | | | | | | | | | |
  1: | |Optional[*]| | | | | | | |Optional[*]|Optional[*]| | |
  0: |Optional[*]|Optional[*]| |Optional[*]| | | | | | | | | |
 -1: ---------------------------

Zwierzę na pozycji (2,3) obróciło się w stronę Wschód
 y\x  1 2 3 4 5 6 7 8 910111213
 14: ---------------------------
 13: | | | | | | | | | | |Optional[*]| | |
 12: | | | | | | | | | | | | | |
 11: | | |Optional[*]| | | | | | | |Optional[*]| | |
 10: | | | | | | | | | | |Optional[*]| | |
  9: |Optional[*]| | | |Optional[*]| | | | | | | | |
  8: | | | | | | | | | | | | |Optional[*]|
  7: | | | | | | | | |Optional[*]| | |Optional[*]| |
  6: | | | | | | | | | | | | | |
  5: | | | | | | | | | | | | | |
  4: | | | | | | | | | | | | | |
  3: | |Optional[>]|Optional[^]| | | | | | | | | | |
  2: | | |Optional[*]| | | | | | | | | | |
  1: | |Optional[*]| | | | | | | |Optional[*]|Optional[*]| | |
  0: |Optional[*]|Optional[*]| |Optional[*]| | | | | | | | | |
 -1: ---------------------------

Zwierzę na pozycji (3,3) obróciło się w stronę Zachód
 y\x  1 2 3 4 5 6 7 8 910111213
 14: ---------------------------
 13: | | | | | | | | | | |Optional[*]| | |
 12: | | | | | | | | | | | | | |
 11: | | |Optional[*]| | | | | | | |Optional[*]| | |
 10: | | | | | | | | | | |Optional[*]| | |
  9: |Optional[*]| | | |Optional[*]| | | | | | | | |
  8: | | | | | | | | | | | | |Optional[*]|
  7: | | | | | | | | |Optional[*]| | |Optional[*]| |
  6: | | | | | | | | | | | | | |
  5: | | | | | | | | | | | | | |
  4: | | | | | | | | | | | | | |
  3: | |Optional[>]|Optional[<]| | | | | | | | | | |
  2: | | |Optional[*]| | | | | | | | | | |
  1: | |Optional[*]| | | | | | | |Optional[*]|Optional[*]| | |
  0: |Optional[*]|Optional[*]| |Optional[*]| | | | | | | | | |
 -1: ---------------------------

Zwierzę na pozycji (2,3) jest zablokowane
 y\x  1 2 3 4 5 6 7 8 910111213
 14: ---------------------------
 13: | | | | | | | | | | |Optional[*]| | |
 12: | | | | | | | | | | | | | |
 11: | | |Optional[*]| | | | | | | |Optional[*]| | |
 10: | | | | | | | | | | |Optional[*]| | |
  9: |Optional[*]| | | |Optional[*]| | | | | | | | |
  8: | | | | | | | | | | | | |Optional[*]|
  7: | | | | | | | | |Optional[*]| | |Optional[*]| |
  6: | | | | | | | | | | | | | |
  5: | | | | | | | | | | | | | |
  4: | | | | | | | | | | | | | |
  3: | |Optional[>]|Optional[<]| | | | | | | | | | |
  2: | | |Optional[*]| | | | | | | | | | |
  1: | |Optional[*]| | | | | | | |Optional[*]|Optional[*]| | |
  0: |Optional[*]|Optional[*]| |Optional[*]| | | | | | | | | |
 -1: ---------------------------

Zwierzę na pozycji (3,3) jest zablokowane
 y\x  1 2 3 4 5 6 7 8 910111213
 14: ---------------------------
 13: | | | | | | | | | | |Optional[*]| | |
 12: | | | | | | | | | | | | | |
 11: | | |Optional[*]| | | | | | | |Optional[*]| | |
 10: | | | | | | | | | | |Optional[*]| | |
  9: |Optional[*]| | | |Optional[*]| | | | | | | | |
  8: | | | | | | | | | | | | |Optional[*]|
  7: | | | | | | | | |Optional[*]| | |Optional[*]| |
  6: | | | | | | | | | | | | | |
  5: | | | | | | | | | | | | | |
  4: | | | | | | | | | | | | | |
  3: | |Optional[>]|Optional[<]| | | | | | | | | | |
  2: | | |Optional[*]| | | | | | | | | | |
  1: | |Optional[*]| | | | | | | |Optional[*]|Optional[*]| | |
  0: |Optional[*]|Optional[*]| |Optional[*]| | | | | | | | | |
 -1: ---------------------------

Zwierzę na pozycji (2,3) obróciło się w stronę Południe
 y\x  1 2 3 4 5 6 7 8 910111213
 14: ---------------------------
 13: | | | | | | | | | | |Optional[*]| | |
 12: | | | | | | | | | | | | | |
 11: | | |Optional[*]| | | | | | | |Optional[*]| | |
 10: | | | | | | | | | | |Optional[*]| | |
  9: |Optional[*]| | | |Optional[*]| | | | | | | | |
  8: | | | | | | | | | | | | |Optional[*]|
  7: | | | | | | | | |Optional[*]| | |Optional[*]| |
  6: | | | | | | | | | | | | | |
  5: | | | | | | | | | | | | | |
  4: | | | | | | | | | | | | | |
  3: | |Optional[v]|Optional[<]| | | | | | | | | | |
  2: | | |Optional[*]| | | | | | | | | | |
  1: | |Optional[*]| | | | | | | |Optional[*]|Optional[*]| | |
  0: |Optional[*]|Optional[*]| |Optional[*]| | | | | | | | | |
 -1: ---------------------------

Zwierzę na pozycji (3,3) jest zablokowane
 y\x  1 2 3 4 5 6 7 8 910111213
 14: ---------------------------
 13: | | | | | | | | | | |Optional[*]| | |
 12: | | | | | | | | | | | | | |
 11: | | |Optional[*]| | | | | | | |Optional[*]| | |
 10: | | | | | | | | | | |Optional[*]| | |
  9: |Optional[*]| | | |Optional[*]| | | | | | | | |
  8: | | | | | | | | | | | | |Optional[*]|
  7: | | | | | | | | |Optional[*]| | |Optional[*]| |
  6: | | | | | | | | | | | | | |
  5: | | | | | | | | | | | | | |
  4: | | | | | | | | | | | | | |
  3: | |Optional[v]|Optional[<]| | | | | | | | | | |
  2: | | |Optional[*]| | | | | | | | | | |
  1: | |Optional[*]| | | | | | | |Optional[*]|Optional[*]| | |
  0: |Optional[*]|Optional[*]| |Optional[*]| | | | | | | | | |
 -1: ---------------------------

Poruszono zwierzę z pozycji (2,3) na pozycję (2,2) 
 y\x  1 2 3 4 5 6 7 8 910111213
 14: ---------------------------
 13: | | | | | | | | | | |Optional[*]| | |
 12: | | | | | | | | | | | | | |
 11: | | |Optional[*]| | | | | | | |Optional[*]| | |
 10: | | | | | | | | | | |Optional[*]| | |
  9: |Optional[*]| | | |Optional[*]| | | | | | | | |
  8: | | | | | | | | | | | | |Optional[*]|
  7: | | | | | | | | |Optional[*]| | |Optional[*]| |
  6: | | | | | | | | | | | | | |
  5: | | | | | | | | | | | | | |
  4: | | | | | | | | | | | | | |
  3: | | |Optional[<]| | | | | | | | | | |
  2: | |Optional[v]|Optional[*]| | | | | | | | | | |
  1: | |Optional[*]| | | | | | | |Optional[*]|Optional[*]| | |
  0: |Optional[*]|Optional[*]| |Optional[*]| | | | | | | | | |
 -1: ---------------------------

Poruszono zwierzę z pozycji (3,3) na pozycję (2,3) 
 y\x  1 2 3 4 5 6 7 8 910111213
 14: ---------------------------
 13: | | | | | | | | | | |Optional[*]| | |
 12: | | | | | | | | | | | | | |
 11: | | |Optional[*]| | | | | | | |Optional[*]| | |
 10: | | | | | | | | | | |Optional[*]| | |
  9: |Optional[*]| | | |Optional[*]| | | | | | | | |
  8: | | | | | | | | | | | | |Optional[*]|
  7: | | | | | | | | |Optional[*]| | |Optional[*]| |
  6: | | | | | | | | | | | | | |
  5: | | | | | | | | | | | | | |
  4: | | | | | | | | | | | | | |
  3: | |Optional[<]| | | | | | | | | | | |
  2: | |Optional[v]|Optional[*]| | | | | | | | | | |
  1: | |Optional[*]| | | | | | | |Optional[*]|Optional[*]| | |
  0: |Optional[*]|Optional[*]| |Optional[*]| | | | | | | | | |
 -1: ---------------------------

Poruszono zwierzę z pozycji (2,2) na pozycję (2,1) 
 y\x  1 2 3 4 5 6 7 8 910111213
 14: ---------------------------
 13: | | | | | | | | | | |Optional[*]| | |
 12: | | | | | | | | | | | | | |
 11: | | |Optional[*]| | | | | | | |Optional[*]| | |
 10: | | | | | | | | | | |Optional[*]| | |
  9: |Optional[*]| | | |Optional[*]| | | | | | | | |
  8: | | | | | | | | | | | | |Optional[*]|
  7: | | | | | | | | |Optional[*]| | |Optional[*]| |
  6: | | | | | | | | | | | | | |
  5: | | | | | | | | | | | | | |
  4: | | | | | | | | | | | | | |
  3: | |Optional[<]| | | | | | | | | | | |
  2: | | |Optional[*]| | | | | | | | | | |
  1: | |Optional[v]| | | | | | | |Optional[*]|Optional[*]| | |
  0: |Optional[*]|Optional[*]| |Optional[*]| | | | | | | | | |
 -1: ---------------------------

Poruszono zwierzę z pozycji (2,3) na pozycję (1,3) 
 y\x  1 2 3 4 5 6 7 8 910111213
 14: ---------------------------
 13: | | | | | | | | | | |Optional[*]| | |
 12: | | | | | | | | | | | | | |
 11: | | |Optional[*]| | | | | | | |Optional[*]| | |
 10: | | | | | | | | | | |Optional[*]| | |
  9: |Optional[*]| | | |Optional[*]| | | | | | | | |
  8: | | | | | | | | | | | | |Optional[*]|
  7: | | | | | | | | |Optional[*]| | |Optional[*]| |
  6: | | | | | | | | | | | | | |
  5: | | | | | | | | | | | | | |
  4: | | | | | | | | | | | | | |
  3: |Optional[<]| | | | | | | | | | | | |
  2: | | |Optional[*]| | | | | | | | | | |
  1: | |Optional[v]| | | | | | | |Optional[*]|Optional[*]| | |
  0: |Optional[*]|Optional[*]| |Optional[*]| | | | | | | | | |
 -1: ---------------------------

Poruszono zwierzę z pozycji (2,1) na pozycję (2,0) 
 y\x  1 2 3 4 5 6 7 8 910111213
 14: ---------------------------
 13: | | | | | | | | | | |Optional[*]| | |
 12: | | | | | | | | | | | | | |
 11: | | |Optional[*]| | | | | | | |Optional[*]| | |
 10: | | | | | | | | | | |Optional[*]| | |
  9: |Optional[*]| | | |Optional[*]| | | | | | | | |
  8: | | | | | | | | | | | | |Optional[*]|
  7: | | | | | | | | |Optional[*]| | |Optional[*]| |
  6: | | | | | | | | | | | | | |
  5: | | | | | | | | | | | | | |
  4: | | | | | | | | | | | | | |
  3: |Optional[<]| | | | | | | | | | | | |
  2: | | |Optional[*]| | | | | | | | | | |
  1: | |Optional[*]| | | | | | | |Optional[*]|Optional[*]| | |
  0: |Optional[*]|Optional[v]| |Optional[*]| | | | | | | | | |
 -1: ---------------------------

Poruszono zwierzę z pozycji (1,3) na pozycję (0,3) 
 y\x  0 1 2 3 4 5 6 7 8 910111213
 14: -----------------------------
 13: | | | | | | | | | | | |Optional[*]| | |
 12: | | | | | | | | | | | | | | |
 11: | | | |Optional[*]| | | | | | | |Optional[*]| | |
 10: | | | | | | | | | | | |Optional[*]| | |
  9: | |Optional[*]| | | |Optional[*]| | | | | | | | |
  8: | | | | | | | | | | | | | |Optional[*]|
  7: | | | | | | | | | |Optional[*]| | |Optional[*]| |
  6: | | | | | | | | | | | | | | |
  5: | | | | | | | | | | | | | | |
  4: | | | | | | | | | | | | | | |
  3: |Optional[<]| | | | | | | | | | | | | |
  2: | | | |Optional[*]| | | | | | | | | | |
  1: | | |Optional[*]| | | | | | | |Optional[*]|Optional[*]| | |
  0: | |Optional[*]|Optional[v]| |Optional[*]| | | | | | | | | |
 -1: -----------------------------

Poruszono zwierzę z pozycji (2,0) na pozycję (2,-1) 
 y\x  0 1 2 3 4 5 6 7 8 910111213
 14: -----------------------------
 13: | | | | | | | | | | | |Optional[*]| | |
 12: | | | | | | | | | | | | | | |
 11: | | | |Optional[*]| | | | | | | |Optional[*]| | |
 10: | | | | | | | | | | | |Optional[*]| | |
  9: | |Optional[*]| | | |Optional[*]| | | | | | | | |
  8: | | | | | | | | | | | | | |Optional[*]|
  7: | | | | | | | | | |Optional[*]| | |Optional[*]| |
  6: | | | | | | | | | | | | | | |
  5: | | | | | | | | | | | | | | |
  4: | | | | | | | | | | | | | | |
  3: |Optional[<]| | | | | | | | | | | | | |
  2: | | | |Optional[*]| | | | | | | | | | |
  1: | | |Optional[*]| | | | | | | |Optional[*]|Optional[*]| | |
  0: | |Optional[*]|Optional[*]| |Optional[*]| | | | | | | | | |
 -1: | | |Optional[v]| | | | | | | | | | | |
 -2: -----------------------------

Zwierzę na pozycji (0,3) obróciło się w stronę Północ
 y\x  0 1 2 3 4 5 6 7 8 910111213
 14: -----------------------------
 13: | | | | | | | | | | | |Optional[*]| | |
 12: | | | | | | | | | | | | | | |
 11: | | | |Optional[*]| | | | | | | |Optional[*]| | |
 10: | | | | | | | | | | | |Optional[*]| | |
  9: | |Optional[*]| | | |Optional[*]| | | | | | | | |
  8: | | | | | | | | | | | | | |Optional[*]|
  7: | | | | | | | | | |Optional[*]| | |Optional[*]| |
  6: | | | | | | | | | | | | | | |
  5: | | | | | | | | | | | | | | |
  4: | | | | | | | | | | | | | | |
  3: |Optional[^]| | | | | | | | | | | | | |
  2: | | | |Optional[*]| | | | | | | | | | |
  1: | | |Optional[*]| | | | | | | |Optional[*]|Optional[*]| | |
  0: | |Optional[*]|Optional[*]| |Optional[*]| | | | | | | | | |
 -1: | | |Optional[v]| | | | | | | | | | | |
 -2: -----------------------------

Poruszono zwierzę z pozycji (2,-1) na pozycję (2,-2) 
 y\x  0 1 2 3 4 5 6 7 8 910111213
 14: -----------------------------
 13: | | | | | | | | | | | |Optional[*]| | |
 12: | | | | | | | | | | | | | | |
 11: | | | |Optional[*]| | | | | | | |Optional[*]| | |
 10: | | | | | | | | | | | |Optional[*]| | |
  9: | |Optional[*]| | | |Optional[*]| | | | | | | | |
  8: | | | | | | | | | | | | | |Optional[*]|
  7: | | | | | | | | | |Optional[*]| | |Optional[*]| |
  6: | | | | | | | | | | | | | | |
  5: | | | | | | | | | | | | | | |
  4: | | | | | | | | | | | | | | |
  3: |Optional[^]| | | | | | | | | | | | | |
  2: | | | |Optional[*]| | | | | | | | | | |
  1: | | |Optional[*]| | | | | | | |Optional[*]|Optional[*]| | |
  0: | |Optional[*]|Optional[*]| |Optional[*]| | | | | | | | | |
 -1: | | | | | | | | | | | | | | |
 -2: | | |Optional[v]| | | | | | | | | | | |
 -3: -----------------------------

Poruszono zwierzę z pozycji (0,3) na pozycję (0,4) 
 y\x  0 1 2 3 4 5 6 7 8 910111213
 14: -----------------------------
 13: | | | | | | | | | | | |Optional[*]| | |
 12: | | | | | | | | | | | | | | |
 11: | | | |Optional[*]| | | | | | | |Optional[*]| | |
 10: | | | | | | | | | | | |Optional[*]| | |
  9: | |Optional[*]| | | |Optional[*]| | | | | | | | |
  8: | | | | | | | | | | | | | |Optional[*]|
  7: | | | | | | | | | |Optional[*]| | |Optional[*]| |
  6: | | | | | | | | | | | | | | |
  5: | | | | | | | | | | | | | | |
  4: |Optional[^]| | | | | | | | | | | | | |
  3: | | | | | | | | | | | | | | |
  2: | | | |Optional[*]| | | | | | | | | | |
  1: | | |Optional[*]| | | | | | | |Optional[*]|Optional[*]| | |
  0: | |Optional[*]|Optional[*]| |Optional[*]| | | | | | | | | |
 -1: | | | | | | | | | | | | | | |
 -2: | | |Optional[v]| | | | | | | | | | | |
 -3: -----------------------------

Poruszono zwierzę z pozycji (2,-2) na pozycję (2,-3) 
 y\x  0 1 2 3 4 5 6 7 8 910111213
 14: -----------------------------
 13: | | | | | | | | | | | |Optional[*]| | |
 12: | | | | | | | | | | | | | | |
 11: | | | |Optional[*]| | | | | | | |Optional[*]| | |
 10: | | | | | | | | | | | |Optional[*]| | |
  9: | |Optional[*]| | | |Optional[*]| | | | | | | | |
  8: | | | | | | | | | | | | | |Optional[*]|
  7: | | | | | | | | | |Optional[*]| | |Optional[*]| |
  6: | | | | | | | | | | | | | | |
  5: | | | | | | | | | | | | | | |
  4: |Optional[^]| | | | | | | | | | | | | |
  3: | | | | | | | | | | | | | | |
  2: | | | |Optional[*]| | | | | | | | | | |
  1: | | |Optional[*]| | | | | | | |Optional[*]|Optional[*]| | |
  0: | |Optional[*]|Optional[*]| |Optional[*]| | | | | | | | | |
 -1: | | | | | | | | | | | | | | |
 -2: | | | | | | | | | | | | | | |
 -3: | | |Optional[v]| | | | | | | | | | | |
 -4: -----------------------------

